{"C:\\Users\\mramp\\Documents\\GitHub\\perf-utils\\src\\index.ts": {"path":"C:\\Users\\mramp\\Documents\\GitHub\\perf-utils\\src\\index.ts","statementMap":{"0":{"start":{"line":1,"column":0},"end":{"line":1,"column":40}},"1":{"start":{"line":2,"column":0},"end":{"line":2,"column":29}},"2":{"start":{"line":17,"column":2},"end":{"line":21,"column":null}},"3":{"start":{"line":18,"column":4},"end":{"line":18,"column":null}},"4":{"start":{"line":20,"column":4},"end":{"line":20,"column":null}},"5":{"start":{"line":16,"column":0},"end":{"line":16,"column":16}},"6":{"start":{"line":26,"column":2},"end":{"line":26,"column":null}},"7":{"start":{"line":28,"column":2},"end":{"line":31,"column":null}},"8":{"start":{"line":29,"column":4},"end":{"line":31,"column":null}},"9":{"start":{"line":33,"column":2},"end":{"line":34,"column":null}},"10":{"start":{"line":34,"column":4},"end":{"line":34,"column":null}},"11":{"start":{"line":36,"column":21},"end":{"line":36,"column":23}},"12":{"start":{"line":37,"column":2},"end":{"line":42,"column":null}},"13":{"start":{"line":37,"column":15},"end":{"line":37,"column":16}},"14":{"start":{"line":38,"column":14},"end":{"line":38,"column":31}},"15":{"start":{"line":39,"column":4},"end":{"line":39,"column":null}},"16":{"start":{"line":40,"column":14},"end":{"line":40,"column":31}},"17":{"start":{"line":41,"column":4},"end":{"line":41,"column":null}},"18":{"start":{"line":44,"column":24},"end":{"line":44,"column":39}},"19":{"start":{"line":46,"column":2},"end":{"line":51,"column":null}},"20":{"start":{"line":24,"column":0},"end":{"line":24,"column":16}},"21":{"start":{"line":55,"column":2},"end":{"line":55,"column":null}},"22":{"start":{"line":55,"column":41},"end":{"line":55,"column":null}},"23":{"start":{"line":57,"column":16},"end":{"line":57,"column":21}},"24":{"start":{"line":58,"column":14},"end":{"line":58,"column":15}},"25":{"start":{"line":60,"column":2},"end":{"line":84,"column":null}},"26":{"start":{"line":61,"column":16},"end":{"line":61,"column":27}},"27":{"start":{"line":63,"column":4},"end":{"line":83,"column":null}},"28":{"start":{"line":65,"column":8},"end":{"line":65,"column":null}},"29":{"start":{"line":66,"column":8},"end":{"line":66,"column":13}},"30":{"start":{"line":68,"column":8},"end":{"line":68,"column":null}},"31":{"start":{"line":69,"column":8},"end":{"line":69,"column":13}},"32":{"start":{"line":71,"column":8},"end":{"line":71,"column":null}},"33":{"start":{"line":72,"column":8},"end":{"line":72,"column":13}},"34":{"start":{"line":74,"column":8},"end":{"line":81,"column":null}},"35":{"start":{"line":75,"column":10},"end":{"line":75,"column":30}},"36":{"start":{"line":77,"column":23},"end":{"line":77,"column":41}},"37":{"start":{"line":78,"column":10},"end":{"line":80,"column":null}},"38":{"start":{"line":78,"column":23},"end":{"line":78,"column":24}},"39":{"start":{"line":79,"column":12},"end":{"line":79,"column":null}},"40":{"start":{"line":82,"column":8},"end":{"line":82,"column":13}},"41":{"start":{"line":85,"column":2},"end":{"line":85,"column":null}},"42":{"start":{"line":54,"column":0},"end":{"line":54,"column":16}},"43":{"start":{"line":90,"column":2},"end":{"line":90,"column":41}},"44":{"start":{"line":92,"column":2},"end":{"line":95,"column":null}},"45":{"start":{"line":92,"column":29},"end":{"line":92,"column":55}},"46":{"start":{"line":93,"column":4},"end":{"line":95,"column":null}},"47":{"start":{"line":97,"column":2},"end":{"line":98,"column":null}},"48":{"start":{"line":98,"column":4},"end":{"line":98,"column":null}},"49":{"start":{"line":100,"column":15},"end":{"line":100,"column":17}},"50":{"start":{"line":101,"column":19},"end":{"line":101,"column":48}},"51":{"start":{"line":102,"column":2},"end":{"line":102,"column":null}},"52":{"start":{"line":103,"column":16},"end":{"line":103,"column":24}},"53":{"start":{"line":104,"column":2},"end":{"line":108,"column":null}},"54":{"start":{"line":104,"column":15},"end":{"line":104,"column":16}},"55":{"start":{"line":105,"column":16},"end":{"line":105,"column":39}},"56":{"start":{"line":106,"column":4},"end":{"line":106,"column":null}},"57":{"start":{"line":106,"column":51},"end":{"line":106,"column":null}},"58":{"start":{"line":107,"column":4},"end":{"line":107,"column":null}},"59":{"start":{"line":110,"column":2},"end":{"line":113,"column":null}},"60":{"start":{"line":88,"column":0},"end":{"line":88,"column":16}}},"fnMap":{"0":{"name":"memLog","decl":{"start":{"line":16,"column":16},"end":{"line":16,"column":22}},"loc":{"start":{"line":16,"column":22},"end":{"line":22,"column":1}}},"1":{"name":"profileFn","decl":{"start":{"line":24,"column":16},"end":{"line":24,"column":25}},"loc":{"start":{"line":26,"column":18},"end":{"line":52,"column":1}}},"2":{"name":"sizeof","decl":{"start":{"line":54,"column":16},"end":{"line":54,"column":22}},"loc":{"start":{"line":54,"column":31},"end":{"line":86,"column":1}}},"3":{"name":"compareFnProfile","decl":{"start":{"line":88,"column":16},"end":{"line":88,"column":32}},"loc":{"start":{"line":89,"column":14},"end":{"line":114,"column":1}}},"4":{"name":"(anonymous_4)","decl":{"start":{"line":92,"column":21},"end":{"line":92,"column":22}},"loc":{"start":{"line":92,"column":24},"end":{"line":92,"column":36}}}},"branchMap":{"0":{"loc":{"start":{"line":17,"column":2},"end":{"line":21,"column":null}},"type":"if","locations":[{"start":{"line":17,"column":2},"end":{"line":21,"column":null}},{"start":{"line":17,"column":2},"end":{"line":21,"column":null}}]},"1":{"loc":{"start":{"line":26,"column":2},"end":{"line":26,"column":null}},"type":"if","locations":[{"start":{"line":26,"column":2},"end":{"line":26,"column":null}},{"start":{"line":26,"column":2},"end":{"line":26,"column":null}}]},"2":{"loc":{"start":{"line":28,"column":2},"end":{"line":31,"column":null}},"type":"if","locations":[{"start":{"line":28,"column":2},"end":{"line":31,"column":null}},{"start":{"line":28,"column":2},"end":{"line":31,"column":null}}]},"3":{"loc":{"start":{"line":33,"column":2},"end":{"line":34,"column":null}},"type":"if","locations":[{"start":{"line":33,"column":2},"end":{"line":34,"column":null}},{"start":{"line":33,"column":2},"end":{"line":34,"column":null}}]},"4":{"loc":{"start":{"line":49,"column":6},"end":{"line":49,"column":47}},"type":"cond-expr","locations":[{"start":{"line":49,"column":17},"end":{"line":49,"column":42}},{"start":{"line":49,"column":45},"end":{"line":49,"column":47}}]},"5":{"loc":{"start":{"line":55,"column":2},"end":{"line":55,"column":null}},"type":"if","locations":[{"start":{"line":55,"column":2},"end":{"line":55,"column":null}},{"start":{"line":55,"column":2},"end":{"line":55,"column":null}}]},"6":{"loc":{"start":{"line":55,"column":6},"end":{"line":55,"column":39}},"type":"binary-expr","locations":[{"start":{"line":55,"column":6},"end":{"line":55,"column":18}},{"start":{"line":55,"column":22},"end":{"line":55,"column":39}}]},"7":{"loc":{"start":{"line":63,"column":4},"end":{"line":83,"column":null}},"type":"switch","locations":[{"start":{"line":64,"column":6},"end":{"line":66,"column":13}},{"start":{"line":67,"column":6},"end":{"line":69,"column":13}},{"start":{"line":70,"column":6},"end":{"line":72,"column":13}},{"start":{"line":73,"column":6},"end":{"line":82,"column":13}}]},"8":{"loc":{"start":{"line":74,"column":8},"end":{"line":81,"column":null}},"type":"if","locations":[{"start":{"line":74,"column":8},"end":{"line":81,"column":null}},{"start":{"line":74,"column":8},"end":{"line":81,"column":null}}]},"9":{"loc":{"start":{"line":92,"column":2},"end":{"line":95,"column":null}},"type":"if","locations":[{"start":{"line":92,"column":2},"end":{"line":95,"column":null}},{"start":{"line":92,"column":2},"end":{"line":95,"column":null}}]},"10":{"loc":{"start":{"line":97,"column":2},"end":{"line":98,"column":null}},"type":"if","locations":[{"start":{"line":97,"column":2},"end":{"line":98,"column":null}},{"start":{"line":97,"column":2},"end":{"line":98,"column":null}}]},"11":{"loc":{"start":{"line":106,"column":4},"end":{"line":106,"column":null}},"type":"if","locations":[{"start":{"line":106,"column":4},"end":{"line":106,"column":null}},{"start":{"line":106,"column":4},"end":{"line":106,"column":null}}]}},"s":{"0":1,"1":1,"2":1,"3":0,"4":1,"5":1,"6":17,"7":10,"8":1,"9":9,"10":1,"11":8,"12":8,"13":8,"14":8,"15":8,"16":8,"17":8,"18":8,"19":8,"20":1,"21":8,"22":2,"23":6,"24":6,"25":6,"26":15,"27":15,"28":1,"29":1,"30":4,"31":4,"32":5,"33":5,"34":5,"35":1,"36":4,"37":4,"38":4,"39":7,"40":5,"41":6,"42":1,"43":15,"44":4,"45":6,"46":1,"47":3,"48":1,"49":2,"50":2,"51":2,"52":2,"53":2,"54":2,"55":4,"56":4,"57":2,"58":4,"59":2,"60":1},"f":{"0":1,"1":10,"2":8,"3":4,"4":6},"b":{"0":[0,1],"1":[7,3],"2":[1,9],"3":[1,8],"4":[0,8],"5":[2,6],"6":[8,7],"7":[1,4,5,5],"8":[1,4],"9":[1,3],"10":[1,2],"11":[2,2]}}
,"C:\\Users\\mramp\\Documents\\GitHub\\perf-utils\\src\\utils.ts": {"path":"C:\\Users\\mramp\\Documents\\GitHub\\perf-utils\\src\\utils.ts","statementMap":{"0":{"start":{"line":2,"column":2},"end":{"line":3,"column":null}},"1":{"start":{"line":2,"column":24},"end":{"line":2,"column":46}},"2":{"start":{"line":3,"column":4},"end":{"line":3,"column":null}},"3":{"start":{"line":4,"column":2},"end":{"line":4,"column":null}},"4":{"start":{"line":4,"column":23},"end":{"line":4,"column":null}},"5":{"start":{"line":5,"column":12},"end":{"line":5,"column":13}},"6":{"start":{"line":6,"column":2},"end":{"line":6,"column":null}},"7":{"start":{"line":6,"column":15},"end":{"line":6,"column":16}},"8":{"start":{"line":6,"column":40},"end":{"line":6,"column":null}},"9":{"start":{"line":7,"column":2},"end":{"line":7,"column":null}},"10":{"start":{"line":1,"column":0},"end":{"line":1,"column":16}}},"fnMap":{"0":{"name":"avg","decl":{"start":{"line":1,"column":16},"end":{"line":1,"column":19}},"loc":{"start":{"line":1,"column":34},"end":{"line":8,"column":1}}},"1":{"name":"(anonymous_1)","decl":{"start":{"line":2,"column":16},"end":{"line":2,"column":17}},"loc":{"start":{"line":2,"column":19},"end":{"line":2,"column":31}}}},"branchMap":{"0":{"loc":{"start":{"line":2,"column":2},"end":{"line":3,"column":null}},"type":"if","locations":[{"start":{"line":2,"column":2},"end":{"line":3,"column":null}},{"start":{"line":2,"column":2},"end":{"line":3,"column":null}}]},"1":{"loc":{"start":{"line":4,"column":2},"end":{"line":4,"column":null}},"type":"if","locations":[{"start":{"line":4,"column":2},"end":{"line":4,"column":null}},{"start":{"line":4,"column":2},"end":{"line":4,"column":null}}]}},"s":{"0":10,"1":13,"2":0,"3":10,"4":1,"5":9,"6":9,"7":9,"8":13,"9":9,"10":2},"f":{"0":10,"1":13},"b":{"0":[0,10],"1":[1,9]}}
}
