TN:
SF:src\index.ts
FN:16,memLog
FN:24,profileFn
FN:54,sizeof
FN:88,compareFnProfile
FN:92,(anonymous_4)
FNF:5
FNH:5
FNDA:1,memLog
FNDA:10,profileFn
FNDA:8,sizeof
FNDA:4,compareFnProfile
FNDA:6,(anonymous_4)
DA:1,1
DA:2,1
DA:16,1
DA:17,1
DA:18,0
DA:20,1
DA:24,1
DA:26,17
DA:28,10
DA:29,1
DA:33,9
DA:34,1
DA:36,8
DA:37,8
DA:38,8
DA:39,8
DA:40,8
DA:41,8
DA:44,8
DA:46,8
DA:54,1
DA:55,8
DA:57,6
DA:58,6
DA:60,6
DA:61,15
DA:63,15
DA:65,1
DA:66,1
DA:68,4
DA:69,4
DA:71,5
DA:72,5
DA:74,5
DA:75,1
DA:77,4
DA:78,4
DA:79,7
DA:82,5
DA:85,6
DA:88,1
DA:90,15
DA:92,6
DA:93,1
DA:97,3
DA:98,1
DA:100,2
DA:101,2
DA:102,2
DA:103,2
DA:104,2
DA:105,4
DA:106,4
DA:107,4
DA:110,2
LF:55
LH:54
BRDA:17,0,0,0
BRDA:17,0,1,1
BRDA:26,1,0,7
BRDA:26,1,1,3
BRDA:28,2,0,1
BRDA:28,2,1,9
BRDA:33,3,0,1
BRDA:33,3,1,8
BRDA:49,4,0,0
BRDA:49,4,1,8
BRDA:55,5,0,2
BRDA:55,5,1,6
BRDA:55,6,0,8
BRDA:55,6,1,7
BRDA:63,7,0,1
BRDA:63,7,1,4
BRDA:63,7,2,5
BRDA:63,7,3,5
BRDA:74,8,0,1
BRDA:74,8,1,4
BRDA:92,9,0,1
BRDA:92,9,1,3
BRDA:97,10,0,1
BRDA:97,10,1,2
BRDA:106,11,0,2
BRDA:106,11,1,2
BRF:26
BRH:24
end_of_record
TN:
SF:src\utils.ts
FN:1,avg
FN:2,(anonymous_1)
FNF:2
FNH:2
FNDA:10,avg
FNDA:13,(anonymous_1)
DA:1,2
DA:2,13
DA:3,0
DA:4,10
DA:5,9
DA:6,13
DA:7,9
LF:7
LH:6
BRDA:2,0,0,0
BRDA:2,0,1,10
BRDA:4,1,0,1
BRDA:4,1,1,9
BRF:4
BRH:3
end_of_record
